<?xml version="1.0" encoding="UTF-8"?>
<!-- Generated by org.testng.reporters.JUnitXMLReporter -->
<testsuite hostname="PR020574" ignored="0" name="dicovery" tests="47" failures="2" timestamp="06 Nov 2017 14:29:43 GMT" time="928.776" errors="0">
  <testcase name="academicSubscription" time="16.415" classname="dicovery.DeliveryOption.AcademicSubscription"/>
  <testcase name="accessUnderReview" time="10.515" classname="dicovery.DeliveryOption.accessUnderReview"/>
  <testcase name="AV_Media" time="12.948" classname="dicovery.DeliveryOption.AV_Media"/>
  <testcase name="closedFoiReview" time="10.434" classname="dicovery.DeliveryOption.closedFOIReview"/>
  <testcase name="closedRetainedDeptKnown" time="10.222" classname="dicovery.DeliveryOption.closedRetainedDeptKnown"/>
  <testcase name="closedRetainedDeptUnKnown" time="10.365" classname="dicovery.DeliveryOption.ClosedRetainedDeptUnKnown"/>
  <testcase name="collectionCare" time="14.481" classname="dicovery.DeliveryOption.collectioncare"/>
  <testcase name="digitizedAvailableButNotDownlodableAtItemLevel" time="10.297" classname="dicovery.DeliveryOption.DigitizedAvailableButNotDownloadableAtItemLevel"/>
  <testcase name="digitizedAvailableButNotDownlodableAtPieceLevel" time="9.41" classname="dicovery.DeliveryOption.digitizedAvailableButNotDownloadableAtPieceLevel"/>
  <testcase name="digitizedDiscovery" time="16.88" classname="dicovery.DeliveryOption.digitizedDiscovery"/>
  <testcase name="DigitizedDiscoveryForSurrogate" time="20.352" classname="dicovery.DeliveryOption.DigitizedDiscoveryForSurrogate"/>
  <testcase name="digitizedLia" time="10.532" classname="dicovery.DeliveryOption.digitizedLia"/>
  <testcase name="digitizedOther" time="10.858" classname="dicovery.DeliveryOption.digitizedOther"/>
  <testcase name="digitizedPartiallyOpened" time="7.632" classname="dicovery.DeliveryOption.digitizedPartiallyOpened"/>
  <testcase name="DisplayAtMuseum" time="13.613" classname="dicovery.DeliveryOption.displayAtMuseum"/>
  <testcase name="fileAuthority" time="10.173" classname="dicovery.DeliveryOption.FileAuthority"/>
  <testcase name="govtWebArchive" time="9.791" classname="dicovery.DeliveryOption.govtWebArchive"/>
  <testcase name="inUse" time="16.281" classname="dicovery.DeliveryOption.InUse"/>
  <testcase name="invigilationSafeRoom" time="13.504" classname="dicovery.DeliveryOption.invigilationSafeRoom"/>
  <testcase name="localArchive" time="10.61" classname="dicovery.DeliveryOption.localArchive"/>
  <testcase name="missingLost" time="9.926" classname="dicovery.DeliveryOption.missingLost"/>
  <testcase name="Mould" time="13.439" classname="dicovery.DeliveryOption.mouldTreatment"/>
  <testcase name="offsite" time="10.188" classname="dicovery.DeliveryOption.Offsite"/>
  <testcase name="onloan" time="10.428" classname="dicovery.DeliveryOption.Onloan"/>
  <testcase name="OrderOriginal" time="10.185" classname="dicovery.DeliveryOption.orderOriginal"/>
  <testcase name="PaidSearch" time="10.319" classname="dicovery.DeliveryOption.PaidSearch"/>
  <testcase name="surrogate" time="13.277" classname="dicovery.DeliveryOption.surrogate"/>
  <testcase name="tooLargeToCopy" time="10.084" classname="dicovery.DeliveryOption.TooLargeToCopyOriginal"/>
  <testcase name="tooLargeToCopySurrogate" time="11.594" classname="dicovery.DeliveryOption.TooLargeToCopySurrogate"/>
  <testcase name="UnAvailable" time="10.414" classname="dicovery.DeliveryOption.unAvailable"/>
  <testcase name="AB7190VisitTheDepartmentWebsite" time="10.456" classname="discovery.Sar.Sar_AB7190VisitTheDepartmentWebsite"/>
  <testcase name="CAB1343025Retention" time="9.904" classname="discovery.Sar.Sar_CAB1343025Retention"/>
  <testcase name="DPP23289FoiRequest" time="9.936" classname="discovery.Sar.Sar_DPP23289FoiRequest"/>
  <testcase name="HO4051079FoiRequest" time="10.119" classname="discovery.Sar.Sar_HO4051079FoiRequest"/>
  <testcase name="HO45237211FoiRequest" time="9.695" classname="discovery.Sar.Sar_HO45237211FoiRequest"/>
  <testcase name="J24312FoiRequest" time="9.796" classname="discovery.Sar.Sar_J24312FoiRequest"/>
  <testcase name="LEV2226ZFoiRequest" time="9.749" classname="discovery.Sar.Sar_LEV2226ZFoiRequest"/>
  <testcase name="RW33FQZFoiRequest" time="9.97" classname="discovery.Sar.Sar_RW33FQZFoiRequest"/>
  <testcase name="CertifiedNaturalisationRequest" time="42.972" classname="discovery.Ecommerce.CertifiedNaturalisationRequest"/>
  <testcase name="DigitizedAddToBasket" time="39.297" classname="discovery.Ecommerce.DigitizedAddToBasket"/>
  <testcase name="Dsa1939registerClickNo" time="101.761" classname="discovery.Ecommerce.Dsa1939registerClickNo"/>
  <testcase name="Dsa1939registerClickYes" time="80.002" classname="discovery.Ecommerce.Dsa1939registerClickYes"/>
  <testcase name="Foi1939register" time="71.698" classname="discovery.Ecommerce.Foi1939register"/>
  <testcase name="PageCheckRequestACopy" time="58.901" classname="discovery.Ecommerce.PageCheckRequestACopy"/>
  <testcase name="HomeGuard" time="43.079" classname="discovery.Ecommerce.HomeGuard">
    <failure type="org.openqa.selenium.NoSuchElementException" message="no such element: Unable to locate element: {&amp;quot;method&amp;quot;:&amp;quot;id&amp;quot;,&amp;quot;selector&amp;quot;:&amp;quot;firstnames&amp;quot;}
  (Session info: chrome=56.0.2924.87)
  (Driver info: chromedriver=2.29.461591 (62ebf098771772160f391d75e589dc567915b233),platform=Windows NT 6.1.7601 SP1 x86) (WARNING: The server did not provide any stacktrace information)
Command duration or timeout: 30.01 seconds
For documentation on this error, please visit: http://seleniumhq.org/exceptions/no_such_element.html
Build info: version: &amp;apos;unknown&amp;apos;, revision: &amp;apos;unknown&amp;apos;, time: &amp;apos;unknown&amp;apos;
System info: host: &amp;apos;PR020574&amp;apos;, ip: &amp;apos;10.104.53.80&amp;apos;, os.name: &amp;apos;Windows 7&amp;apos;, os.arch: &amp;apos;x86&amp;apos;, os.version: &amp;apos;6.1&amp;apos;, java.version: &amp;apos;1.8.0_102&amp;apos;
Driver info: org.openqa.selenium.chrome.ChromeDriver
Capabilities [{applicationCacheEnabled=false, rotatable=false, mobileEmulationEnabled=false, networkConnectionEnabled=false, chrome={chromedriverVersion=2.29.461591 (62ebf098771772160f391d75e589dc567915b233), userDataDir=C:\Users\SVENKA~1\AppData\Local\Temp\scoped_dir7128_23329}, takesHeapSnapshot=true, pageLoadStrategy=normal, databaseEnabled=false, handlesAlerts=true, hasTouchScreen=false, version=56.0.2924.87, platform=XP, browserConnectionEnabled=false, nativeEvents=true, acceptSslCerts=true, locationContextEnabled=true, webStorageEnabled=true, browserName=chrome, takesScreenshot=true, javascriptEnabled=true, cssSelectorsEnabled=true, unexpectedAlertBehaviour=}]
Session ID: 9ee3c3d038873289ac0e563ab3319ab5
*** Element info: {Using=id, value=firstnames}">
      <![CDATA[org.openqa.selenium.NoSuchElementException: no such element: Unable to locate element: {"method":"id","selector":"firstnames"}
  (Session info: chrome=56.0.2924.87)
  (Driver info: chromedriver=2.29.461591 (62ebf098771772160f391d75e589dc567915b233),platform=Windows NT 6.1.7601 SP1 x86) (WARNING: The server did not provide any stacktrace information)
Command duration or timeout: 30.01 seconds
For documentation on this error, please visit: http://seleniumhq.org/exceptions/no_such_element.html
Build info: version: 'unknown', revision: 'unknown', time: 'unknown'
System info: host: 'PR020574', ip: '10.104.53.80', os.name: 'Windows 7', os.arch: 'x86', os.version: '6.1', java.version: '1.8.0_102'
Driver info: org.openqa.selenium.chrome.ChromeDriver
Capabilities [{applicationCacheEnabled=false, rotatable=false, mobileEmulationEnabled=false, networkConnectionEnabled=false, chrome={chromedriverVersion=2.29.461591 (62ebf098771772160f391d75e589dc567915b233), userDataDir=C:\Users\SVENKA~1\AppData\Local\Temp\scoped_dir7128_23329}, takesHeapSnapshot=true, pageLoadStrategy=normal, databaseEnabled=false, handlesAlerts=true, hasTouchScreen=false, version=56.0.2924.87, platform=XP, browserConnectionEnabled=false, nativeEvents=true, acceptSslCerts=true, locationContextEnabled=true, webStorageEnabled=true, browserName=chrome, takesScreenshot=true, javascriptEnabled=true, cssSelectorsEnabled=true, unexpectedAlertBehaviour=}]
Session ID: 9ee3c3d038873289ac0e563ab3319ab5
*** Element info: {Using=id, value=firstnames}
	at org.openqa.selenium.remote.ErrorHandler.createThrowable(ErrorHandler.java:215)
	at org.openqa.selenium.remote.ErrorHandler.throwIfResponseFailed(ErrorHandler.java:167)
	at org.openqa.selenium.remote.RemoteWebDriver.execute(RemoteWebDriver.java:671)
	at org.openqa.selenium.remote.RemoteWebDriver.findElement(RemoteWebDriver.java:410)
	at org.openqa.selenium.remote.RemoteWebDriver.findElementById(RemoteWebDriver.java:453)
	at discovery.Ecommerce.HomeGuard.HomeGuard(HomeGuard.java:26)
... Removed 28 stack frames]]>
    </failure>
  </testcase> <!-- HomeGuard -->
  <testcase name="WO416" time="28.711" classname="discovery.Ecommerce.WO416">
    <failure type="java.io.IOException" message="Cannot run program &amp;quot;Z:\Svenkatesh\Result\BatchExecution\Fileupload.exe&amp;quot;: CreateProcess error=216, This version of %1 is not compatible with the version of Windows you&amp;apos;re running. Check your computer&amp;apos;s system information to see whether you need a x86 (32-bit) or x64 (64-bit) version of the program, and then contact the software publisher">
      <![CDATA[java.io.IOException: Cannot run program "Z:\Svenkatesh\Result\BatchExecution\Fileupload.exe": CreateProcess error=216, This version of %1 is not compatible with the version of Windows you're running. Check your computer's system information to see whether you need a x86 (32-bit) or x64 (64-bit) version of the program, and then contact the software publisher
	at java.lang.ProcessBuilder.start(Unknown Source)
	at java.lang.Runtime.exec(Unknown Source)
	at java.lang.Runtime.exec(Unknown Source)
	at java.lang.Runtime.exec(Unknown Source)
	at discovery.Ecommerce.WO416.WO416(WO416.java:68)
Caused by: java.io.IOException: CreateProcess error=216, This version of %1 is not compatible with the version of Windows you're running. Check your computer's system information to see whether you need a x86 (32-bit) or x64 (64-bit) version of the program, and then contact the software publisher
	at java.lang.ProcessImpl.create(Native Method)
	at java.lang.ProcessImpl.<init>(Unknown Source)
	at java.lang.ProcessImpl.start(Unknown Source)
	... 29 more
... Removed 24 stack frames]]>
    </failure>
  </testcase> <!-- WO416 -->
  <testcase name="SubscriptionMoDMedalResearchOffice" time="27.464" classname="discovery.Subscription.SubscriptionMoDMedalResearchOffice"/>
</testsuite> <!-- dicovery -->
