<html>
<head>
<title>TestNG:  dicovery</title>
<link href="../testng.css" rel="stylesheet" type="text/css" />
<link href="../my-testng.css" rel="stylesheet" type="text/css" />

<style type="text/css">
.log { display: none;} 
.stack-trace { display: none;} 
</style>
<script type="text/javascript">
<!--
function flip(e) {
  current = e.style.display;
  if (current == 'block') {
    e.style.display = 'none';
    return 0;
  }
  else {
    e.style.display = 'block';
    return 1;
  }
}

function toggleBox(szDivId, elem, msg1, msg2)
{
  var res = -1;  if (document.getElementById) {
    res = flip(document.getElementById(szDivId));
  }
  else if (document.all) {
    // this is the way old msie versions work
    res = flip(document.all[szDivId]);
  }
  if(elem) {
    if(res == 0) elem.innerHTML = msg1; else elem.innerHTML = msg2;
  }

}

function toggleAllBoxes() {
  if (document.getElementsByTagName) {
    d = document.getElementsByTagName('div');
    for (i = 0; i < d.length; i++) {
      if (d[i].className == 'log') {
        flip(d[i]);
      }
    }
  }
}

// -->
</script>

</head>
<body>
<h2 align='center'>dicovery</h2><table border='1' align="center">
<tr>
<td>Tests passed/Failed/Skipped:</td><td>45/2/0</td>
</tr><tr>
<td>Started on:</td><td>Mon Nov 06 14:14:14 GMT 2017</td>
</tr>
<tr><td>Total time:</td><td>928 seconds (928776 ms)</td>
</tr><tr>
<td>Included groups:</td><td></td>
</tr><tr>
<td>Excluded groups:</td><td></td>
</tr>
</table><p/>
<small><i>(Hover the method name to see the test class name)</i></small><p/>
<table width='100%' border='1' class='invocation-failed'>
<tr><td colspan='4' align='center'><b>FAILED TESTS</b></td></tr>
<tr><td><b>Test method</b></td>
<td width="30%"><b>Exception</b></td>
<td width="10%"><b>Time (seconds)</b></td>
<td><b>Instance</b></td>
</tr>
<tr>
<td title='discovery.Ecommerce.HomeGuard.HomeGuard()'><b>HomeGuard</b><br>Test class: discovery.Ecommerce.HomeGuard</td>
<td><div><pre>org.openqa.selenium.NoSuchElementException: no such element: Unable to locate element: {&quot;method&quot;:&quot;id&quot;,&quot;selector&quot;:&quot;firstnames&quot;}
  (Session info: chrome=56.0.2924.87)
  (Driver info: chromedriver=2.29.461591 (62ebf098771772160f391d75e589dc567915b233),platform=Windows NT 6.1.7601 SP1 x86) (WARNING: The server did not provide any stacktrace information)
Command duration or timeout: 30.01 seconds
For documentation on this error, please visit: http://seleniumhq.org/exceptions/no_such_element.html
Build info: version: &apos;unknown&apos;, revision: &apos;unknown&apos;, time: &apos;unknown&apos;
System info: host: &apos;PR020574&apos;, ip: &apos;10.104.53.80&apos;, os.name: &apos;Windows 7&apos;, os.arch: &apos;x86&apos;, os.version: &apos;6.1&apos;, java.version: &apos;1.8.0_102&apos;
Driver info: org.openqa.selenium.chrome.ChromeDriver
Capabilities [{applicationCacheEnabled=false, rotatable=false, mobileEmulationEnabled=false, networkConnectionEnabled=false, chrome={chromedriverVersion=2.29.461591 (62ebf098771772160f391d75e589dc567915b233), userDataDir=C:\Users\SVENKA~1\AppData\Local\Temp\scoped_dir7128_23329}, takesHeapSnapshot=true, pageLoadStrategy=normal, databaseEnabled=false, handlesAlerts=true, hasTouchScreen=false, version=56.0.2924.87, platform=XP, browserConnectionEnabled=false, nativeEvents=true, acceptSslCerts=true, locationContextEnabled=true, webStorageEnabled=true, browserName=chrome, takesScreenshot=true, javascriptEnabled=true, cssSelectorsEnabled=true, unexpectedAlertBehaviour=}]
Session ID: 9ee3c3d038873289ac0e563ab3319ab5
*** Element info: {Using=id, value=firstnames}
	at org.openqa.selenium.remote.ErrorHandler.createThrowable(ErrorHandler.java:215)
	at org.openqa.selenium.remote.ErrorHandler.throwIfResponseFailed(ErrorHandler.java:167)
	at org.openqa.selenium.remote.RemoteWebDriver.execute(RemoteWebDriver.java:671)
	at org.openqa.selenium.remote.RemoteWebDriver.findElement(RemoteWebDriver.java:410)
	at org.openqa.selenium.remote.RemoteWebDriver.findElementById(RemoteWebDriver.java:453)
	at discovery.Ecommerce.HomeGuard.HomeGuard(HomeGuard.java:26)
... Removed 28 stack frames</pre></div><a href='#' onClick='toggleBox("stack-trace8959429", this, "Click to show all stack frames", "Click to hide stack frames")'>Click to show all stack frames</a>
<div class='stack-trace' id='stack-trace8959429'><pre>org.openqa.selenium.NoSuchElementException: no such element: Unable to locate element: {&quot;method&quot;:&quot;id&quot;,&quot;selector&quot;:&quot;firstnames&quot;}
  (Session info: chrome=56.0.2924.87)
  (Driver info: chromedriver=2.29.461591 (62ebf098771772160f391d75e589dc567915b233),platform=Windows NT 6.1.7601 SP1 x86) (WARNING: The server did not provide any stacktrace information)
Command duration or timeout: 30.01 seconds
For documentation on this error, please visit: http://seleniumhq.org/exceptions/no_such_element.html
Build info: version: &apos;unknown&apos;, revision: &apos;unknown&apos;, time: &apos;unknown&apos;
System info: host: &apos;PR020574&apos;, ip: &apos;10.104.53.80&apos;, os.name: &apos;Windows 7&apos;, os.arch: &apos;x86&apos;, os.version: &apos;6.1&apos;, java.version: &apos;1.8.0_102&apos;
Driver info: org.openqa.selenium.chrome.ChromeDriver
Capabilities [{applicationCacheEnabled=false, rotatable=false, mobileEmulationEnabled=false, networkConnectionEnabled=false, chrome={chromedriverVersion=2.29.461591 (62ebf098771772160f391d75e589dc567915b233), userDataDir=C:\Users\SVENKA~1\AppData\Local\Temp\scoped_dir7128_23329}, takesHeapSnapshot=true, pageLoadStrategy=normal, databaseEnabled=false, handlesAlerts=true, hasTouchScreen=false, version=56.0.2924.87, platform=XP, browserConnectionEnabled=false, nativeEvents=true, acceptSslCerts=true, locationContextEnabled=true, webStorageEnabled=true, browserName=chrome, takesScreenshot=true, javascriptEnabled=true, cssSelectorsEnabled=true, unexpectedAlertBehaviour=}]
Session ID: 9ee3c3d038873289ac0e563ab3319ab5
*** Element info: {Using=id, value=firstnames}
	at sun.reflect.NativeConstructorAccessorImpl.newInstance0(Native Method)
	at sun.reflect.NativeConstructorAccessorImpl.newInstance(Unknown Source)
	at sun.reflect.DelegatingConstructorAccessorImpl.newInstance(Unknown Source)
	at java.lang.reflect.Constructor.newInstance(Unknown Source)
	at org.openqa.selenium.remote.ErrorHandler.createThrowable(ErrorHandler.java:215)
	at org.openqa.selenium.remote.ErrorHandler.throwIfResponseFailed(ErrorHandler.java:167)
	at org.openqa.selenium.remote.RemoteWebDriver.execute(RemoteWebDriver.java:671)
	at org.openqa.selenium.remote.RemoteWebDriver.findElement(RemoteWebDriver.java:410)
	at org.openqa.selenium.remote.RemoteWebDriver.findElementById(RemoteWebDriver.java:453)
	at discovery.Ecommerce.HomeGuard.HomeGuard(HomeGuard.java:26)
	at sun.reflect.NativeMethodAccessorImpl.invoke0(Native Method)
	at sun.reflect.NativeMethodAccessorImpl.invoke(Unknown Source)
	at sun.reflect.DelegatingMethodAccessorImpl.invoke(Unknown Source)
	at java.lang.reflect.Method.invoke(Unknown Source)
	at org.testng.internal.MethodInvocationHelper.invokeMethod(MethodInvocationHelper.java:108)
	at org.testng.internal.Invoker.invokeMethod(Invoker.java:661)
	at org.testng.internal.Invoker.invokeTestMethod(Invoker.java:869)
	at org.testng.internal.Invoker.invokeTestMethods(Invoker.java:1193)
	at org.testng.internal.TestMethodWorker.invokeTestMethods(TestMethodWorker.java:126)
	at org.testng.internal.TestMethodWorker.run(TestMethodWorker.java:109)
	at org.testng.TestRunner.privateRun(TestRunner.java:744)
	at org.testng.TestRunner.run(TestRunner.java:602)
	at org.testng.SuiteRunner.runTest(SuiteRunner.java:380)
	at org.testng.SuiteRunner.runSequentially(SuiteRunner.java:375)
	at org.testng.SuiteRunner.privateRun(SuiteRunner.java:340)
	at org.testng.SuiteRunner.run(SuiteRunner.java:289)
	at org.testng.SuiteRunnerWorker.runSuite(SuiteRunnerWorker.java:52)
	at org.testng.SuiteRunnerWorker.run(SuiteRunnerWorker.java:86)
	at org.testng.TestNG.runSuitesSequentially(TestNG.java:1301)
	at org.testng.TestNG.runSuitesLocally(TestNG.java:1226)
	at org.testng.TestNG.runSuites(TestNG.java:1144)
	at org.testng.TestNG.run(TestNG.java:1115)
	at org.testng.TestNG.privateMain(TestNG.java:1442)
	at org.testng.TestNG.main(TestNG.java:1411)
</pre></div></td>
<td>43</td>
<td>discovery.Ecommerce.HomeGuard@c7c2a6</td></tr>
<tr>
<td title='discovery.Ecommerce.WO416.WO416()'><b>WO416</b><br>Test class: discovery.Ecommerce.WO416</td>
<td><div><pre>java.io.IOException: Cannot run program &quot;Z:\Svenkatesh\Result\BatchExecution\Fileupload.exe&quot;: CreateProcess error=216, This version of %1 is not compatible with the version of Windows you&apos;re running. Check your computer&apos;s system information to see whether you need a x86 (32-bit) or x64 (64-bit) version of the program, and then contact the software publisher
	at java.lang.ProcessBuilder.start(Unknown Source)
	at java.lang.Runtime.exec(Unknown Source)
	at java.lang.Runtime.exec(Unknown Source)
	at java.lang.Runtime.exec(Unknown Source)
	at discovery.Ecommerce.WO416.WO416(WO416.java:68)
Caused by: java.io.IOException: CreateProcess error=216, This version of %1 is not compatible with the version of Windows you&apos;re running. Check your computer&apos;s system information to see whether you need a x86 (32-bit) or x64 (64-bit) version of the program, and then contact the software publisher
	at java.lang.ProcessImpl.create(Native Method)
	at java.lang.ProcessImpl.&lt;init&gt;(Unknown Source)
	at java.lang.ProcessImpl.start(Unknown Source)
	... 29 more
... Removed 24 stack frames</pre></div><a href='#' onClick='toggleBox("stack-trace9696213", this, "Click to show all stack frames", "Click to hide stack frames")'>Click to show all stack frames</a>
<div class='stack-trace' id='stack-trace9696213'><pre>java.io.IOException: Cannot run program &quot;Z:\Svenkatesh\Result\BatchExecution\Fileupload.exe&quot;: CreateProcess error=216, This version of %1 is not compatible with the version of Windows you&apos;re running. Check your computer&apos;s system information to see whether you need a x86 (32-bit) or x64 (64-bit) version of the program, and then contact the software publisher
	at java.lang.ProcessBuilder.start(Unknown Source)
	at java.lang.Runtime.exec(Unknown Source)
	at java.lang.Runtime.exec(Unknown Source)
	at java.lang.Runtime.exec(Unknown Source)
	at discovery.Ecommerce.WO416.WO416(WO416.java:68)
	at sun.reflect.NativeMethodAccessorImpl.invoke0(Native Method)
	at sun.reflect.NativeMethodAccessorImpl.invoke(Unknown Source)
	at sun.reflect.DelegatingMethodAccessorImpl.invoke(Unknown Source)
	at java.lang.reflect.Method.invoke(Unknown Source)
	at org.testng.internal.MethodInvocationHelper.invokeMethod(MethodInvocationHelper.java:108)
	at org.testng.internal.Invoker.invokeMethod(Invoker.java:661)
	at org.testng.internal.Invoker.invokeTestMethod(Invoker.java:869)
	at org.testng.internal.Invoker.invokeTestMethods(Invoker.java:1193)
	at org.testng.internal.TestMethodWorker.invokeTestMethods(TestMethodWorker.java:126)
	at org.testng.internal.TestMethodWorker.run(TestMethodWorker.java:109)
	at org.testng.TestRunner.privateRun(TestRunner.java:744)
	at org.testng.TestRunner.run(TestRunner.java:602)
	at org.testng.SuiteRunner.runTest(SuiteRunner.java:380)
	at org.testng.SuiteRunner.runSequentially(SuiteRunner.java:375)
	at org.testng.SuiteRunner.privateRun(SuiteRunner.java:340)
	at org.testng.SuiteRunner.run(SuiteRunner.java:289)
	at org.testng.SuiteRunnerWorker.runSuite(SuiteRunnerWorker.java:52)
	at org.testng.SuiteRunnerWorker.run(SuiteRunnerWorker.java:86)
	at org.testng.TestNG.runSuitesSequentially(TestNG.java:1301)
	at org.testng.TestNG.runSuitesLocally(TestNG.java:1226)
	at org.testng.TestNG.runSuites(TestNG.java:1144)
	at org.testng.TestNG.run(TestNG.java:1115)
	at org.testng.TestNG.privateMain(TestNG.java:1442)
	at org.testng.TestNG.main(TestNG.java:1411)
Caused by: java.io.IOException: CreateProcess error=216, This version of %1 is not compatible with the version of Windows you&apos;re running. Check your computer&apos;s system information to see whether you need a x86 (32-bit) or x64 (64-bit) version of the program, and then contact the software publisher
	at java.lang.ProcessImpl.create(Native Method)
	at java.lang.ProcessImpl.&lt;init&gt;(Unknown Source)
	at java.lang.ProcessImpl.start(Unknown Source)
	... 29 more
</pre></div></td>
<td>28</td>
<td>discovery.Ecommerce.WO416@197c004</td></tr>
</table><p>
<table width='100%' border='1' class='invocation-passed'>
<tr><td colspan='4' align='center'><b>PASSED TESTS</b></td></tr>
<tr><td><b>Test method</b></td>
<td width="30%"><b>Exception</b></td>
<td width="10%"><b>Time (seconds)</b></td>
<td><b>Instance</b></td>
</tr>
<tr>
<td title='discovery.Sar.Sar_AB7190VisitTheDepartmentWebsite.AB7190VisitTheDepartmentWebsite()'><b>AB7190VisitTheDepartmentWebsite</b><br>Test class: discovery.Sar.Sar_AB7190VisitTheDepartmentWebsite</td>
<td></td>
<td>10</td>
<td>discovery.Sar.Sar_AB7190VisitTheDepartmentWebsite@17e1986</td></tr>
<tr>
<td title='dicovery.DeliveryOption.AV_Media.AV_Media()'><b>AV_Media</b><br>Test class: dicovery.DeliveryOption.AV_Media</td>
<td></td>
<td>12</td>
<td>dicovery.DeliveryOption.AV_Media@13fcdbd</td></tr>
<tr>
<td title='discovery.Sar.Sar_CAB1343025Retention.CAB1343025Retention()'><b>CAB1343025Retention</b><br>Test class: discovery.Sar.Sar_CAB1343025Retention</td>
<td></td>
<td>9</td>
<td>discovery.Sar.Sar_CAB1343025Retention@f67b76</td></tr>
<tr>
<td title='discovery.Ecommerce.CertifiedNaturalisationRequest.CertifiedNaturalisationRequest()'><b>CertifiedNaturalisationRequest</b><br>Test class: discovery.Ecommerce.CertifiedNaturalisationRequest</td>
<td></td>
<td>42</td>
<td>discovery.Ecommerce.CertifiedNaturalisationRequest@1e84876</td></tr>
<tr>
<td title='discovery.Sar.Sar_DPP23289FoiRequest.DPP23289FoiRequest()'><b>DPP23289FoiRequest</b><br>Test class: discovery.Sar.Sar_DPP23289FoiRequest</td>
<td></td>
<td>9</td>
<td>discovery.Sar.Sar_DPP23289FoiRequest@13f5a29</td></tr>
<tr>
<td title='discovery.Ecommerce.DigitizedAddToBasket.DigitizedAddToBasket()'><b>DigitizedAddToBasket</b><br>Test class: discovery.Ecommerce.DigitizedAddToBasket</td>
<td></td>
<td>39</td>
<td>discovery.Ecommerce.DigitizedAddToBasket@1a485d2</td></tr>
<tr>
<td title='dicovery.DeliveryOption.DigitizedDiscoveryForSurrogate.DigitizedDiscoveryForSurrogate()'><b>DigitizedDiscoveryForSurrogate</b><br>Test class: dicovery.DeliveryOption.DigitizedDiscoveryForSurrogate</td>
<td></td>
<td>20</td>
<td>dicovery.DeliveryOption.DigitizedDiscoveryForSurrogate@1fb3008</td></tr>
<tr>
<td title='dicovery.DeliveryOption.displayAtMuseum.DisplayAtMuseum()'><b>DisplayAtMuseum</b><br>Test class: dicovery.DeliveryOption.displayAtMuseum</td>
<td></td>
<td>13</td>
<td>dicovery.DeliveryOption.displayAtMuseum@61f5df</td></tr>
<tr>
<td title='discovery.Ecommerce.Dsa1939registerClickNo.Dsa1939registerClickNo()'><b>Dsa1939registerClickNo</b><br>Test class: discovery.Ecommerce.Dsa1939registerClickNo</td>
<td></td>
<td>101</td>
<td>discovery.Ecommerce.Dsa1939registerClickNo@1fb3ab6</td></tr>
<tr>
<td title='discovery.Ecommerce.Dsa1939registerClickYes.Dsa1939registerClickYes()'><b>Dsa1939registerClickYes</b><br>Test class: discovery.Ecommerce.Dsa1939registerClickYes</td>
<td></td>
<td>80</td>
<td>discovery.Ecommerce.Dsa1939registerClickYes@76ae34</td></tr>
<tr>
<td title='discovery.Ecommerce.Foi1939register.Foi1939register()'><b>Foi1939register</b><br>Test class: discovery.Ecommerce.Foi1939register</td>
<td></td>
<td>71</td>
<td>discovery.Ecommerce.Foi1939register@146e1f4</td></tr>
<tr>
<td title='discovery.Sar.Sar_HO4051079FoiRequest.HO4051079FoiRequest()'><b>HO4051079FoiRequest</b><br>Test class: discovery.Sar.Sar_HO4051079FoiRequest</td>
<td></td>
<td>10</td>
<td>discovery.Sar.Sar_HO4051079FoiRequest@1560810</td></tr>
<tr>
<td title='discovery.Sar.Sar_HO45237211FoiRequest.HO45237211FoiRequest()'><b>HO45237211FoiRequest</b><br>Test class: discovery.Sar.Sar_HO45237211FoiRequest</td>
<td></td>
<td>9</td>
<td>discovery.Sar.Sar_HO45237211FoiRequest@9d9c55</td></tr>
<tr>
<td title='discovery.Sar.Sar_J24312FoiRequest.J24312FoiRequest()'><b>J24312FoiRequest</b><br>Test class: discovery.Sar.Sar_J24312FoiRequest</td>
<td></td>
<td>9</td>
<td>discovery.Sar.Sar_J24312FoiRequest@1a57a3b</td></tr>
<tr>
<td title='discovery.Sar.Sar_LEV2226ZFoiRequest.LEV2226ZFoiRequest()'><b>LEV2226ZFoiRequest</b><br>Test class: discovery.Sar.Sar_LEV2226ZFoiRequest</td>
<td></td>
<td>9</td>
<td>discovery.Sar.Sar_LEV2226ZFoiRequest@a48474</td></tr>
<tr>
<td title='dicovery.DeliveryOption.mouldTreatment.Mould()'><b>Mould</b><br>Test class: dicovery.DeliveryOption.mouldTreatment</td>
<td></td>
<td>13</td>
<td>dicovery.DeliveryOption.mouldTreatment@1f70c54</td></tr>
<tr>
<td title='dicovery.DeliveryOption.orderOriginal.OrderOriginal()'><b>OrderOriginal</b><br>Test class: dicovery.DeliveryOption.orderOriginal</td>
<td></td>
<td>10</td>
<td>dicovery.DeliveryOption.orderOriginal@1dc03ce</td></tr>
<tr>
<td title='discovery.Ecommerce.PageCheckRequestACopy.PageCheckRequestACopy()'><b>PageCheckRequestACopy</b><br>Test class: discovery.Ecommerce.PageCheckRequestACopy</td>
<td></td>
<td>58</td>
<td>discovery.Ecommerce.PageCheckRequestACopy@9711b</td></tr>
<tr>
<td title='dicovery.DeliveryOption.PaidSearch.PaidSearch()'><b>PaidSearch</b><br>Test class: dicovery.DeliveryOption.PaidSearch</td>
<td></td>
<td>10</td>
<td>dicovery.DeliveryOption.PaidSearch@f8360d</td></tr>
<tr>
<td title='discovery.Sar.Sar_RW33FQZFoiRequest.RW33FQZFoiRequest()'><b>RW33FQZFoiRequest</b><br>Test class: discovery.Sar.Sar_RW33FQZFoiRequest</td>
<td></td>
<td>9</td>
<td>discovery.Sar.Sar_RW33FQZFoiRequest@17d0578</td></tr>
<tr>
<td title='discovery.Subscription.SubscriptionMoDMedalResearchOffice.SubscriptionMoDMedalResearchOffice()'><b>SubscriptionMoDMedalResearchOffice</b><br>Test class: discovery.Subscription.SubscriptionMoDMedalResearchOffice</td>
<td></td>
<td>27</td>
<td>discovery.Subscription.SubscriptionMoDMedalResearchOffice@190c9c3</td></tr>
<tr>
<td title='dicovery.DeliveryOption.unAvailable.UnAvailable()'><b>UnAvailable</b><br>Test class: dicovery.DeliveryOption.unAvailable</td>
<td></td>
<td>10</td>
<td>dicovery.DeliveryOption.unAvailable@1dd3bcd</td></tr>
<tr>
<td title='dicovery.DeliveryOption.AcademicSubscription.academicSubscription()'><b>academicSubscription</b><br>Test class: dicovery.DeliveryOption.AcademicSubscription</td>
<td></td>
<td>16</td>
<td>dicovery.DeliveryOption.AcademicSubscription@136f0f5</td></tr>
<tr>
<td title='dicovery.DeliveryOption.accessUnderReview.accessUnderReview()'><b>accessUnderReview</b><br>Test class: dicovery.DeliveryOption.accessUnderReview</td>
<td></td>
<td>10</td>
<td>dicovery.DeliveryOption.accessUnderReview@1a03464</td></tr>
<tr>
<td title='dicovery.DeliveryOption.closedFOIReview.closedFoiReview()'><b>closedFoiReview</b><br>Test class: dicovery.DeliveryOption.closedFOIReview</td>
<td></td>
<td>10</td>
<td>dicovery.DeliveryOption.closedFOIReview@17c74e5</td></tr>
<tr>
<td title='dicovery.DeliveryOption.closedRetainedDeptKnown.closedRetainedDeptKnown()'><b>closedRetainedDeptKnown</b><br>Test class: dicovery.DeliveryOption.closedRetainedDeptKnown</td>
<td></td>
<td>10</td>
<td>dicovery.DeliveryOption.closedRetainedDeptKnown@137cf78</td></tr>
<tr>
<td title='dicovery.DeliveryOption.ClosedRetainedDeptUnKnown.closedRetainedDeptUnKnown()'><b>closedRetainedDeptUnKnown</b><br>Test class: dicovery.DeliveryOption.ClosedRetainedDeptUnKnown</td>
<td></td>
<td>10</td>
<td>dicovery.DeliveryOption.ClosedRetainedDeptUnKnown@1b6d4ae</td></tr>
<tr>
<td title='dicovery.DeliveryOption.collectioncare.collectionCare()'><b>collectionCare</b><br>Test class: dicovery.DeliveryOption.collectioncare</td>
<td></td>
<td>14</td>
<td>dicovery.DeliveryOption.collectioncare@b7bfc0</td></tr>
<tr>
<td title='dicovery.DeliveryOption.DigitizedAvailableButNotDownloadableAtItemLevel.digitizedAvailableButNotDownlodableAtItemLevel()'><b>digitizedAvailableButNotDownlodableAtItemLevel</b><br>Test class: dicovery.DeliveryOption.DigitizedAvailableButNotDownloadableAtItemLevel</td>
<td></td>
<td>10</td>
<td>dicovery.DeliveryOption.DigitizedAvailableButNotDownloadableAtItemLevel@6e2eef</td></tr>
<tr>
<td title='dicovery.DeliveryOption.digitizedAvailableButNotDownloadableAtPieceLevel.digitizedAvailableButNotDownlodableAtPieceLevel()'><b>digitizedAvailableButNotDownlodableAtPieceLevel</b><br>Test class: dicovery.DeliveryOption.digitizedAvailableButNotDownloadableAtPieceLevel</td>
<td></td>
<td>9</td>
<td>dicovery.DeliveryOption.digitizedAvailableButNotDownloadableAtPieceLevel@1f97b55</td></tr>
<tr>
<td title='dicovery.DeliveryOption.digitizedDiscovery.digitizedDiscovery()'><b>digitizedDiscovery</b><br>Test class: dicovery.DeliveryOption.digitizedDiscovery</td>
<td></td>
<td>16</td>
<td>dicovery.DeliveryOption.digitizedDiscovery@bbc1e0</td></tr>
<tr>
<td title='dicovery.DeliveryOption.digitizedLia.digitizedLia()'><b>digitizedLia</b><br>Test class: dicovery.DeliveryOption.digitizedLia</td>
<td></td>
<td>10</td>
<td>dicovery.DeliveryOption.digitizedLia@25790e</td></tr>
<tr>
<td title='dicovery.DeliveryOption.digitizedOther.digitizedOther()'><b>digitizedOther</b><br>Test class: dicovery.DeliveryOption.digitizedOther</td>
<td></td>
<td>10</td>
<td>dicovery.DeliveryOption.digitizedOther@a097cc</td></tr>
<tr>
<td title='dicovery.DeliveryOption.digitizedPartiallyOpened.digitizedPartiallyOpened()'><b>digitizedPartiallyOpened</b><br>Test class: dicovery.DeliveryOption.digitizedPartiallyOpened</td>
<td></td>
<td>7</td>
<td>dicovery.DeliveryOption.digitizedPartiallyOpened@f6e879</td></tr>
<tr>
<td title='dicovery.DeliveryOption.FileAuthority.fileAuthority()'><b>fileAuthority</b><br>Test class: dicovery.DeliveryOption.FileAuthority</td>
<td></td>
<td>10</td>
<td>dicovery.DeliveryOption.FileAuthority@1551a94</td></tr>
<tr>
<td title='dicovery.DeliveryOption.govtWebArchive.govtWebArchive()'><b>govtWebArchive</b><br>Test class: dicovery.DeliveryOption.govtWebArchive</td>
<td></td>
<td>9</td>
<td>dicovery.DeliveryOption.govtWebArchive@11be3c5</td></tr>
<tr>
<td title='dicovery.DeliveryOption.InUse.inUse()'><b>inUse</b><br>Test class: dicovery.DeliveryOption.InUse</td>
<td></td>
<td>16</td>
<td>dicovery.DeliveryOption.InUse@af6cff</td></tr>
<tr>
<td title='dicovery.DeliveryOption.invigilationSafeRoom.invigilationSafeRoom()'><b>invigilationSafeRoom</b><br>Test class: dicovery.DeliveryOption.invigilationSafeRoom</td>
<td></td>
<td>13</td>
<td>dicovery.DeliveryOption.invigilationSafeRoom@135b478</td></tr>
<tr>
<td title='dicovery.DeliveryOption.localArchive.localArchive()'><b>localArchive</b><br>Test class: dicovery.DeliveryOption.localArchive</td>
<td></td>
<td>10</td>
<td>dicovery.DeliveryOption.localArchive@9f9fb0</td></tr>
<tr>
<td title='dicovery.DeliveryOption.missingLost.missingLost()'><b>missingLost</b><br>Test class: dicovery.DeliveryOption.missingLost</td>
<td></td>
<td>9</td>
<td>dicovery.DeliveryOption.missingLost@96442d</td></tr>
<tr>
<td title='dicovery.DeliveryOption.Offsite.offsite()'><b>offsite</b><br>Test class: dicovery.DeliveryOption.Offsite</td>
<td></td>
<td>10</td>
<td>dicovery.DeliveryOption.Offsite@14bef66</td></tr>
<tr>
<td title='dicovery.DeliveryOption.Onloan.onloan()'><b>onloan</b><br>Test class: dicovery.DeliveryOption.Onloan</td>
<td></td>
<td>10</td>
<td>dicovery.DeliveryOption.Onloan@17996a0</td></tr>
<tr>
<td title='dicovery.DeliveryOption.surrogate.surrogate()'><b>surrogate</b><br>Test class: dicovery.DeliveryOption.surrogate</td>
<td></td>
<td>13</td>
<td>dicovery.DeliveryOption.surrogate@b4c3ab</td></tr>
<tr>
<td title='dicovery.DeliveryOption.TooLargeToCopyOriginal.tooLargeToCopy()'><b>tooLargeToCopy</b><br>Test class: dicovery.DeliveryOption.TooLargeToCopyOriginal</td>
<td></td>
<td>10</td>
<td>dicovery.DeliveryOption.TooLargeToCopyOriginal@1c78c0b</td></tr>
<tr>
<td title='dicovery.DeliveryOption.TooLargeToCopySurrogate.tooLargeToCopySurrogate()'><b>tooLargeToCopySurrogate</b><br>Test class: dicovery.DeliveryOption.TooLargeToCopySurrogate</td>
<td></td>
<td>11</td>
<td>dicovery.DeliveryOption.TooLargeToCopySurrogate@843fce</td></tr>
</table><p>
</body>
</html>