<?xml version="1.0" encoding="UTF-8"?>
<!-- Generated by org.testng.reporters.JUnitXMLReporter -->
<testsuite hostname="PR020921" ignored="0" name="discovery.discovery.AdvancedSearchOnTest" tests="14" failures="1" timestamp="11 Sep 2017 09:04:27 GMT" time="421.298" errors="0">
  <testcase name="close_SpecificDate" time="74.856" classname="discovery.AdvancedSearchOnTest.AS_ClosureStatus_close_SpecificDate"/>
  <testcase name="Open_SpecificDate" time="46.114" classname="discovery.AdvancedSearchOnTest.AS_ClosureStatus_Open_SpecificDate"/>
  <testcase name="PartiallyOpen_AnyTime" time="36.345" classname="discovery.AdvancedSearchOnTest.AS_ClosureStatus_PartiallyOpen_AnyTime"/>
  <testcase name="Retained_AnyTime" time="34.818" classname="discovery.AdvancedSearchOnTest.AS_ClosureStatus_Retained_AnyTime"/>
  <testcase name="CreatorType_CheckBox_Years" time="30.427" classname="discovery.AdvancedSearchOnTest.AS_RecordCreator_CreatorType_CheckBox_Years"/>
  <testcase name="CreatorType_DateRange" time="25.432" classname="discovery.AdvancedSearchOnTest.AS_RecordCreator_CreatorType_DateRange"/>
  <testcase name="DateRange_SearchAll" time="19.462" classname="discovery.AdvancedSearchOnTest.AS_Records_DateRange_SearchAll"/>
  <testcase name="SearchTheNA_Taxonomy_Witchcraft" time="25.032" classname="discovery.AdvancedSearchOnTest.AS_Records_SearchTheNA_Taxonomy_Witchcraft">
    <failure type="java.lang.AssertionError" message="expected [Records 48] but found [Records 119]">
      <![CDATA[java.lang.AssertionError: expected [Records 48] but found [Records 119]
	at discovery.AdvancedSearchOnTest.AS_Records_SearchTheNA_Taxonomy_Witchcraft.SearchTheNA_Taxonomy_Witchcraft(AS_Records_SearchTheNA_Taxonomy_Witchcraft.java:73)
... Removed 31 stack frames]]>
    </failure>
  </testcase> <!-- SearchTheNA_Taxonomy_Witchcraft -->
  <testcase name="SpecificDate_SearchAll" time="31.645" classname="discovery.AdvancedSearchOnTest.AS_Records_SpecificDate_SearchAll"/>
  <testcase name="Reference_SearchAll" time="10.29" classname="discovery.AdvancedSearchOnTest.AS_Reference_SearchAll"/>
  <testcase name="Find_DontFindWord" time="12.965" classname="discovery.AdvancedSearchOnTest.AS_Search_Find_DontFindWord"/>
  <testcase name="SearchOtherArchives" time="18.903" classname="discovery.AdvancedSearchOnTest.AS_SearchOtherArchives"/>
  <testcase name="SearchTheTNA_Reference_IncludeContent" time="26.497" classname="discovery.AdvancedSearchOnTest.AS_Records_SearchTheTNA_Reference_IncludeContent"/>
  <testcase name="SearchTheNA_CatalogueLevel" time="28.41" classname="discovery.AdvancedSearchOnTest.AS_Records_SearchTheNA_CatalogueLevel"/>
</testsuite> <!-- discovery.discovery.AdvancedSearchOnTest -->
