<html>
<head>
<title>TestNG:  FindAnAichiveOnTest</title>
<link href="../testng.css" rel="stylesheet" type="text/css" />
<link href="../my-testng.css" rel="stylesheet" type="text/css" />

<style type="text/css">
.log { display: none;} 
.stack-trace { display: none;} 
</style>
<script type="text/javascript">
<!--
function flip(e) {
  current = e.style.display;
  if (current == 'block') {
    e.style.display = 'none';
    return 0;
  }
  else {
    e.style.display = 'block';
    return 1;
  }
}

function toggleBox(szDivId, elem, msg1, msg2)
{
  var res = -1;  if (document.getElementById) {
    res = flip(document.getElementById(szDivId));
  }
  else if (document.all) {
    // this is the way old msie versions work
    res = flip(document.all[szDivId]);
  }
  if(elem) {
    if(res == 0) elem.innerHTML = msg1; else elem.innerHTML = msg2;
  }

}

function toggleAllBoxes() {
  if (document.getElementsByTagName) {
    d = document.getElementsByTagName('div');
    for (i = 0; i < d.length; i++) {
      if (d[i].className == 'log') {
        flip(d[i]);
      }
    }
  }
}

// -->
</script>

</head>
<body>
<h2 align='center'>FindAnAichiveOnTest</h2><table border='1' align="center">
<tr>
<td>Tests passed/Failed/Skipped:</td><td>13/1/0</td>
</tr><tr>
<td>Started on:</td><td>Mon May 21 14:54:17 BST 2018</td>
</tr>
<tr><td>Total time:</td><td>348 seconds (348070 ms)</td>
</tr><tr>
<td>Included groups:</td><td></td>
</tr><tr>
<td>Excluded groups:</td><td></td>
</tr>
</table><p/>
<small><i>(Hover the method name to see the test class name)</i></small><p/>
<table width='100%' border='1' class='invocation-failed'>
<tr><td colspan='4' align='center'><b>FAILED TESTS</b></td></tr>
<tr><td><b>Test method</b></td>
<td width="30%"><b>Exception</b></td>
<td width="10%"><b>Time (seconds)</b></td>
<td><b>Instance</b></td>
</tr>
<tr>
<td title='discovery.FindAnAichiveOnTest.FA_BrowseByCountryName.BrowseCountryname()'><b>BrowseCountryname</b><br>Test class: discovery.FindAnAichiveOnTest.FA_BrowseByCountryName</td>
<td><div><pre>org.openqa.selenium.WebDriverException: unknown error: Element &lt;a href=&quot;/results/a?_q=*&amp;amp;_anc=14&quot; class=&quot;ng-binding&quot;&gt;...&lt;/a&gt; is not clickable at point (965, 911). Other element would receive the click: &lt;div class=&quot;cookieNotice&quot; style=&quot;padding: 5px; text-align: center; background-color: rgb(252, 228, 92); position: fixed; bottom: 0px; font-size: 14px; width: 100%;&quot;&gt;...&lt;/div&gt;
  (Session info: chrome=65.0.3325.181)
  (Driver info: chromedriver=2.36.540470 (e522d04694c7ebea4ba8821272dbef4f9b818c91),platform=Windows NT 6.1.7601 SP1 x86) (WARNING: The server did not provide any stacktrace information)
Command duration or timeout: 54 milliseconds
Build info: version: &apos;unknown&apos;, revision: &apos;unknown&apos;, time: &apos;unknown&apos;
System info: host: &apos;PR020574&apos;, ip: &apos;10.104.53.80&apos;, os.name: &apos;Windows 7&apos;, os.arch: &apos;x86&apos;, os.version: &apos;6.1&apos;, java.version: &apos;1.8.0_102&apos;
Driver info: org.openqa.selenium.chrome.ChromeDriver
Capabilities [{applicationCacheEnabled=false, rotatable=false, mobileEmulationEnabled=false, networkConnectionEnabled=false, chrome={chromedriverVersion=2.36.540470 (e522d04694c7ebea4ba8821272dbef4f9b818c91), userDataDir=C:\Users\SVENKA~1\AppData\Local\Temp\scoped_dir6796_22237}, takesHeapSnapshot=true, pageLoadStrategy=normal, databaseEnabled=false, handlesAlerts=true, hasTouchScreen=false, version=65.0.3325.181, platform=XP, browserConnectionEnabled=false, nativeEvents=true, acceptSslCerts=false, acceptInsecureCerts=false, locationContextEnabled=true, webStorageEnabled=true, browserName=chrome, takesScreenshot=true, javascriptEnabled=true, cssSelectorsEnabled=true, setWindowRect=true, unexpectedAlertBehaviour=}]
Session ID: 80a2a01bdd9948491e6f936ab097f28d
	at org.openqa.selenium.remote.ErrorHandler.createThrowable(ErrorHandler.java:215)
	at org.openqa.selenium.remote.ErrorHandler.throwIfResponseFailed(ErrorHandler.java:167)
	at org.openqa.selenium.remote.RemoteWebDriver.execute(RemoteWebDriver.java:671)
	at org.openqa.selenium.remote.RemoteWebElement.execute(RemoteWebElement.java:272)
	at org.openqa.selenium.remote.RemoteWebElement.click(RemoteWebElement.java:82)
	at wrapper.Wrapper_methods.clickbyLinkText(Wrapper_methods.java:183)
	at discovery.FindAnAichiveOnTest.FA_BrowseByCountryName.BrowseCountryname(FA_BrowseByCountryName.java:38)
... Removed 28 stack frames</pre></div><a href='#' onClick='toggleBox("stack-trace13253730", this, "Click to show all stack frames", "Click to hide stack frames")'>Click to show all stack frames</a>
<div class='stack-trace' id='stack-trace13253730'><pre>org.openqa.selenium.WebDriverException: unknown error: Element &lt;a href=&quot;/results/a?_q=*&amp;amp;_anc=14&quot; class=&quot;ng-binding&quot;&gt;...&lt;/a&gt; is not clickable at point (965, 911). Other element would receive the click: &lt;div class=&quot;cookieNotice&quot; style=&quot;padding: 5px; text-align: center; background-color: rgb(252, 228, 92); position: fixed; bottom: 0px; font-size: 14px; width: 100%;&quot;&gt;...&lt;/div&gt;
  (Session info: chrome=65.0.3325.181)
  (Driver info: chromedriver=2.36.540470 (e522d04694c7ebea4ba8821272dbef4f9b818c91),platform=Windows NT 6.1.7601 SP1 x86) (WARNING: The server did not provide any stacktrace information)
Command duration or timeout: 54 milliseconds
Build info: version: &apos;unknown&apos;, revision: &apos;unknown&apos;, time: &apos;unknown&apos;
System info: host: &apos;PR020574&apos;, ip: &apos;10.104.53.80&apos;, os.name: &apos;Windows 7&apos;, os.arch: &apos;x86&apos;, os.version: &apos;6.1&apos;, java.version: &apos;1.8.0_102&apos;
Driver info: org.openqa.selenium.chrome.ChromeDriver
Capabilities [{applicationCacheEnabled=false, rotatable=false, mobileEmulationEnabled=false, networkConnectionEnabled=false, chrome={chromedriverVersion=2.36.540470 (e522d04694c7ebea4ba8821272dbef4f9b818c91), userDataDir=C:\Users\SVENKA~1\AppData\Local\Temp\scoped_dir6796_22237}, takesHeapSnapshot=true, pageLoadStrategy=normal, databaseEnabled=false, handlesAlerts=true, hasTouchScreen=false, version=65.0.3325.181, platform=XP, browserConnectionEnabled=false, nativeEvents=true, acceptSslCerts=false, acceptInsecureCerts=false, locationContextEnabled=true, webStorageEnabled=true, browserName=chrome, takesScreenshot=true, javascriptEnabled=true, cssSelectorsEnabled=true, setWindowRect=true, unexpectedAlertBehaviour=}]
Session ID: 80a2a01bdd9948491e6f936ab097f28d
	at sun.reflect.NativeConstructorAccessorImpl.newInstance0(Native Method)
	at sun.reflect.NativeConstructorAccessorImpl.newInstance(Unknown Source)
	at sun.reflect.DelegatingConstructorAccessorImpl.newInstance(Unknown Source)
	at java.lang.reflect.Constructor.newInstance(Unknown Source)
	at org.openqa.selenium.remote.ErrorHandler.createThrowable(ErrorHandler.java:215)
	at org.openqa.selenium.remote.ErrorHandler.throwIfResponseFailed(ErrorHandler.java:167)
	at org.openqa.selenium.remote.RemoteWebDriver.execute(RemoteWebDriver.java:671)
	at org.openqa.selenium.remote.RemoteWebElement.execute(RemoteWebElement.java:272)
	at org.openqa.selenium.remote.RemoteWebElement.click(RemoteWebElement.java:82)
	at wrapper.Wrapper_methods.clickbyLinkText(Wrapper_methods.java:183)
	at discovery.FindAnAichiveOnTest.FA_BrowseByCountryName.BrowseCountryname(FA_BrowseByCountryName.java:38)
	at sun.reflect.NativeMethodAccessorImpl.invoke0(Native Method)
	at sun.reflect.NativeMethodAccessorImpl.invoke(Unknown Source)
	at sun.reflect.DelegatingMethodAccessorImpl.invoke(Unknown Source)
	at java.lang.reflect.Method.invoke(Unknown Source)
	at org.testng.internal.MethodInvocationHelper.invokeMethod(MethodInvocationHelper.java:108)
	at org.testng.internal.Invoker.invokeMethod(Invoker.java:661)
	at org.testng.internal.Invoker.invokeTestMethod(Invoker.java:869)
	at org.testng.internal.Invoker.invokeTestMethods(Invoker.java:1193)
	at org.testng.internal.TestMethodWorker.invokeTestMethods(TestMethodWorker.java:126)
	at org.testng.internal.TestMethodWorker.run(TestMethodWorker.java:109)
	at org.testng.TestRunner.privateRun(TestRunner.java:744)
	at org.testng.TestRunner.run(TestRunner.java:602)
	at org.testng.SuiteRunner.runTest(SuiteRunner.java:380)
	at org.testng.SuiteRunner.runSequentially(SuiteRunner.java:375)
	at org.testng.SuiteRunner.privateRun(SuiteRunner.java:340)
	at org.testng.SuiteRunner.run(SuiteRunner.java:289)
	at org.testng.SuiteRunnerWorker.runSuite(SuiteRunnerWorker.java:52)
	at org.testng.SuiteRunnerWorker.run(SuiteRunnerWorker.java:86)
	at org.testng.TestNG.runSuitesSequentially(TestNG.java:1301)
	at org.testng.TestNG.runSuitesLocally(TestNG.java:1226)
	at org.testng.TestNG.runSuites(TestNG.java:1144)
	at org.testng.TestNG.run(TestNG.java:1115)
	at org.testng.TestNG.privateMain(TestNG.java:1442)
	at org.testng.TestNG.main(TestNG.java:1411)
</pre></div></td>
<td>6</td>
<td>discovery.FindAnAichiveOnTest.FA_BrowseByCountryName@9838eb</td></tr>
</table><p>
<table width='100%' border='1' class='invocation-passed'>
<tr><td colspan='4' align='center'><b>PASSED TESTS</b></td></tr>
<tr><td><b>Test method</b></td>
<td width="30%"><b>Exception</b></td>
<td width="10%"><b>Time (seconds)</b></td>
<td><b>Instance</b></td>
</tr>
<tr>
<td title='discovery.FindAnAichiveOnTest.FA_BrowseByCountryName.BrowseCountryname2()'><b>BrowseCountryname2</b><br>Test class: discovery.FindAnAichiveOnTest.FA_BrowseByCountryName</td>
<td></td>
<td>10</td>
<td>discovery.FindAnAichiveOnTest.FA_BrowseByCountryName@9838eb</td></tr>
<tr>
<td title='discovery.FindAnAichiveOnTest.FA_UsingMap.BrowseCountryname2()'><b>BrowseCountryname2</b><br>Test class: discovery.FindAnAichiveOnTest.FA_UsingMap</td>
<td></td>
<td>6</td>
<td>discovery.FindAnAichiveOnTest.FA_UsingMap@2a079c</td></tr>
<tr>
<td title='discovery.FindAnAichiveOnTest.FA_Export1000RecordsAsXML.Export1000RecordsAsXML()'><b>Export1000RecordsAsXML</b><br>Test class: discovery.FindAnAichiveOnTest.FA_Export1000RecordsAsXML</td>
<td></td>
<td>33</td>
<td>discovery.FindAnAichiveOnTest.FA_Export1000RecordsAsXML@1ec2012</td></tr>
<tr>
<td title='discovery.FindAnAichiveOnTest.FA_ExportAllRecordsAsCSV.ExportAllRecordsAsCSV()'><b>ExportAllRecordsAsCSV</b><br>Test class: discovery.FindAnAichiveOnTest.FA_ExportAllRecordsAsCSV</td>
<td></td>
<td>40</td>
<td>discovery.FindAnAichiveOnTest.FA_ExportAllRecordsAsCSV@f777e8</td></tr>
<tr>
<td title='discovery.FindAnAichiveOnTest.FA_ExportFirst1000RecordCreatorAsHTML.ExportFirst1000RecordCreatorAsHTML()'><b>ExportFirst1000RecordCreatorAsHTML</b><br>Test class: discovery.FindAnAichiveOnTest.FA_ExportFirst1000RecordCreatorAsHTML</td>
<td></td>
<td>35</td>
<td>discovery.FindAnAichiveOnTest.FA_ExportFirst1000RecordCreatorAsHTML@1686d1f</td></tr>
<tr>
<td title='discovery.FindAnAichiveOnTest.FA_HomeNation.FourthHomeNation()'><b>FourthHomeNation</b><br>Test class: discovery.FindAnAichiveOnTest.FA_HomeNation</td>
<td></td>
<td>6</td>
<td>discovery.FindAnAichiveOnTest.FA_HomeNation@100df86</td></tr>
<tr>
<td title='discovery.FindAnAichiveOnTest.FA_HomeNation.ThirdHomeNation()'><b>ThirdHomeNation</b><br>Test class: discovery.FindAnAichiveOnTest.FA_HomeNation</td>
<td></td>
<td>6</td>
<td>discovery.FindAnAichiveOnTest.FA_HomeNation@100df86</td></tr>
<tr>
<td title='discovery.FindAnAichiveOnTest.FA_HomeNation.firstHomeNation()'><b>firstHomeNation</b><br>Test class: discovery.FindAnAichiveOnTest.FA_HomeNation</td>
<td></td>
<td>6</td>
<td>discovery.FindAnAichiveOnTest.FA_HomeNation@100df86</td></tr>
<tr>
<td title='discovery.FindAnAichiveOnTest.FA_ChooseRegion.region()'><b>region</b><br>Test class: discovery.FindAnAichiveOnTest.FA_ChooseRegion</td>
<td></td>
<td>7</td>
<td>discovery.FindAnAichiveOnTest.FA_ChooseRegion@dafa95</td></tr>
<tr>
<td title='discovery.FindAnAichiveOnTest.FA_ChooseRegion.region2()'><b>region2</b><br>Test class: discovery.FindAnAichiveOnTest.FA_ChooseRegion</td>
<td></td>
<td>7</td>
<td>discovery.FindAnAichiveOnTest.FA_ChooseRegion@dafa95</td></tr>
<tr>
<td title='discovery.FindAnAichiveOnTest.FA_ChooseRegion.region3()'><b>region3</b><br>Test class: discovery.FindAnAichiveOnTest.FA_ChooseRegion</td>
<td></td>
<td>7</td>
<td>discovery.FindAnAichiveOnTest.FA_ChooseRegion@dafa95</td></tr>
<tr>
<td title='discovery.FindAnAichiveOnTest.FA_HomeNation.secondHomeNation()'><b>secondHomeNation</b><br>Test class: discovery.FindAnAichiveOnTest.FA_HomeNation</td>
<td></td>
<td>6</td>
<td>discovery.FindAnAichiveOnTest.FA_HomeNation@100df86</td></tr>
<tr>
<td title='discovery.FindAnAichiveOnTest.FA_UsingMap.usingmap()'><b>usingmap</b><br>Test class: discovery.FindAnAichiveOnTest.FA_UsingMap</td>
<td></td>
<td>6</td>
<td>discovery.FindAnAichiveOnTest.FA_UsingMap@2a079c</td></tr>
</table><p>
</body>
</html>