<?xml version="1.0" encoding="UTF-8"?>
<!-- Generated by org.testng.reporters.JUnitXMLReporter -->
<testsuite hostname="PR020574" ignored="0" name="ManorSearchOnTest" tests="3" failures="1" timestamp="21 May 2018 14:01:50 GMT" time="105.396" errors="0">
  <testcase name="ByMonor_VerifyRecordsCreator" time="26.827" classname="discovery.ManorSearchOnTest.MS_ByManor_VerifyRecordsCreator"/>
  <testcase name="ForMonorDocuments_KeyWordSearch" time="39.474" classname="discovery.ManorSearchOnTest.MS_ForManorDocuments_KeyWordSearch">
    <failure type="java.lang.AssertionError" message="expected [true] but found [false]">
      <![CDATA[java.lang.AssertionError: expected [true] but found [false]
	at discovery.ManorSearchOnTest.MS_ForManorDocuments_KeyWordSearch.ForMonorDocuments_KeyWordSearch(MS_ForManorDocuments_KeyWordSearch.java:67)
... Removed 28 stack frames]]>
    </failure>
  </testcase> <!-- ForMonorDocuments_KeyWordSearch -->
  <testcase name="ForMonorDocuments_VerifyRecords" time="39.082" classname="discovery.ManorSearchOnTest.MS_ForManorDocuments_VerifyRecords"/>
</testsuite> <!-- ManorSearchOnTest -->
