<?xml version="1.0" encoding="UTF-8"?>
<!-- Generated by org.testng.reporters.JUnitXMLReporter -->
<testsuite hostname="PR020921" ignored="0" name="MYC" tests="18" failures="3" timestamp="11 Oct 2017 14:18:58 GMT" time="684.021" errors="0">
  <testcase name="validationcheck" time="53.838" classname="discovery.MYC_InvalidValues.ValidationCheck_ChangeColumName"/>
  <testcase name="validationcheck" time="38.755" classname="discovery.MYC_InvalidValues.ValidationCheck_EmptyTemplate"/>
  <testcase name="validationcheck" time="30.674" classname="discovery.MYC_InvalidValues.ValidationCheck_FondsWithNoLegalStatus"/>
  <testcase name="validationcheck" time="34.693" classname="discovery.MYC_InvalidValues.ValidationCheck_FondsWithNoNameOfCreators"/>
  <testcase name="validationcheck" time="32.897" classname="discovery.MYC_InvalidValues.ValidationCheck_FondsWithNoReference">
    <failure type="java.lang.AssertionError" message="expected [true] but found [false]">
      <![CDATA[java.lang.AssertionError: expected [true] but found [false]
	at discovery.MYC_InvalidValues.ValidationCheck_FondsWithNoReference.validationcheck(ValidationCheck_FondsWithNoReference.java:42)
... Removed 28 stack frames]]>
    </failure>
  </testcase> <!-- validationcheck -->
  <testcase name="validationcheck" time="41.484" classname="discovery.MYC_InvalidValues.ValidationCheck_FondsWithNoStartAndEndDate">
    <failure type="java.lang.AssertionError" message="expected [true] but found [false]">
      <![CDATA[java.lang.AssertionError: expected [true] but found [false]
	at discovery.MYC_InvalidValues.ValidationCheck_FondsWithNoStartAndEndDate.validationcheck(ValidationCheck_FondsWithNoStartAndEndDate.java:42)
... Removed 28 stack frames]]>
    </failure>
  </testcase> <!-- validationcheck -->
  <testcase name="validationcheck" time="35.093" classname="discovery.MYC_InvalidValues.ValidationCheck_Item"/>
  <testcase name="validationcheck" time="33.09" classname="discovery.MYC_InvalidValues.ValidationCheck_ModifyLevelName"/>
  <testcase name="validationcheck" time="36.063" classname="discovery.MYC_InvalidValues.ValidationCheck_Sub_Fonds"/>
  <testcase name="validationcheck" time="31.427" classname="discovery.MYC_InvalidValues.ValidationCheck_Sub_Item"/>
  <testcase name="validationcheck" time="36.536" classname="discovery.MYC_InvalidValues.ValidationCheck_Sub_Series"/>
  <testcase name="validationcheck" time="43.393" classname="discovery.MYC_InvalidValues.ValidationCheck_Sub_Sub_Fonds"/>
  <testcase name="validationcheck" time="31.117" classname="discovery.MYC_InvalidValues.ValidationCheck_Sub_Sub_Series"/>
  <testcase name="validationcheck" time="32.325" classname="discovery.MYC_InvalidValues.ValidationCheck_Sub_Sub_Sub_Fonds"/>
  <testcase name="validationcheck" time="38.242" classname="discovery.MYC_InvalidValues.ValidationCheck_Sub_Sub_Sub_Series"/>
  <testcase name="validationcheck" time="31.92" classname="discovery.MYC_ValidValues.ValidationCheck_Fonds"/>
  <testcase name="validationcheck" time="66.668" classname="discovery.MYC_ValidValues.ValidationCheck_FondsAndSubFonds">
    <failure type="org.openqa.selenium.NoSuchElementException" message="no such element: Unable to locate element: {&amp;quot;method&amp;quot;:&amp;quot;link text&amp;quot;,&amp;quot;selector&amp;quot;:&amp;quot;Preview and approve &amp;gt;&amp;quot;}
  (Session info: chrome=61.0.3163.100)
  (Driver info: chromedriver=2.29.461591 (62ebf098771772160f391d75e589dc567915b233),platform=Windows NT 6.1.7601 SP1 x86_64) (WARNING: The server did not provide any stacktrace information)
Command duration or timeout: 30.10 seconds
For documentation on this error, please visit: http://seleniumhq.org/exceptions/no_such_element.html
Build info: version: &amp;apos;unknown&amp;apos;, revision: &amp;apos;unknown&amp;apos;, time: &amp;apos;unknown&amp;apos;
System info: host: &amp;apos;PR020921&amp;apos;, ip: &amp;apos;10.120.2.124&amp;apos;, os.name: &amp;apos;Windows 7&amp;apos;, os.arch: &amp;apos;amd64&amp;apos;, os.version: &amp;apos;6.1&amp;apos;, java.version: &amp;apos;1.8.0_131&amp;apos;
Driver info: org.openqa.selenium.chrome.ChromeDriver
Capabilities [{applicationCacheEnabled=false, rotatable=false, mobileEmulationEnabled=false, networkConnectionEnabled=false, chrome={chromedriverVersion=2.29.461591 (62ebf098771772160f391d75e589dc567915b233), userDataDir=C:\Users\SVENKA~1\AppData\Local\Temp\scoped_dir20320_19035}, takesHeapSnapshot=true, pageLoadStrategy=normal, databaseEnabled=false, handlesAlerts=true, hasTouchScreen=false, version=61.0.3163.100, platform=XP, browserConnectionEnabled=false, nativeEvents=true, acceptSslCerts=true, locationContextEnabled=true, webStorageEnabled=true, browserName=chrome, takesScreenshot=true, javascriptEnabled=true, cssSelectorsEnabled=true, unexpectedAlertBehaviour=}]
Session ID: a4ff6aa82e4a35e393bc8cc7e22b2142
*** Element info: {Using=link text, value=Preview and approve &amp;gt;}">
      <![CDATA[org.openqa.selenium.NoSuchElementException: no such element: Unable to locate element: {"method":"link text","selector":"Preview and approve >"}
  (Session info: chrome=61.0.3163.100)
  (Driver info: chromedriver=2.29.461591 (62ebf098771772160f391d75e589dc567915b233),platform=Windows NT 6.1.7601 SP1 x86_64) (WARNING: The server did not provide any stacktrace information)
Command duration or timeout: 30.10 seconds
For documentation on this error, please visit: http://seleniumhq.org/exceptions/no_such_element.html
Build info: version: 'unknown', revision: 'unknown', time: 'unknown'
System info: host: 'PR020921', ip: '10.120.2.124', os.name: 'Windows 7', os.arch: 'amd64', os.version: '6.1', java.version: '1.8.0_131'
Driver info: org.openqa.selenium.chrome.ChromeDriver
Capabilities [{applicationCacheEnabled=false, rotatable=false, mobileEmulationEnabled=false, networkConnectionEnabled=false, chrome={chromedriverVersion=2.29.461591 (62ebf098771772160f391d75e589dc567915b233), userDataDir=C:\Users\SVENKA~1\AppData\Local\Temp\scoped_dir20320_19035}, takesHeapSnapshot=true, pageLoadStrategy=normal, databaseEnabled=false, handlesAlerts=true, hasTouchScreen=false, version=61.0.3163.100, platform=XP, browserConnectionEnabled=false, nativeEvents=true, acceptSslCerts=true, locationContextEnabled=true, webStorageEnabled=true, browserName=chrome, takesScreenshot=true, javascriptEnabled=true, cssSelectorsEnabled=true, unexpectedAlertBehaviour=}]
Session ID: a4ff6aa82e4a35e393bc8cc7e22b2142
*** Element info: {Using=link text, value=Preview and approve >}
	at org.openqa.selenium.remote.ErrorHandler.createThrowable(ErrorHandler.java:215)
	at org.openqa.selenium.remote.ErrorHandler.throwIfResponseFailed(ErrorHandler.java:167)
	at org.openqa.selenium.remote.RemoteWebDriver.execute(RemoteWebDriver.java:671)
	at org.openqa.selenium.remote.RemoteWebDriver.findElement(RemoteWebDriver.java:410)
	at org.openqa.selenium.remote.RemoteWebDriver.findElementByLinkText(RemoteWebDriver.java:461)
	at wrapper.Wrapper_methods.clickbyLinkText(Wrapper_methods.java:183)
	at discovery.MYC_ValidValues.ValidationCheck_FondsAndSubFonds.validationcheck(ValidationCheck_FondsAndSubFonds.java:37)
... Removed 28 stack frames]]>
    </failure>
  </testcase> <!-- validationcheck -->
  <testcase name="validationcheck" time="35.689" classname="discovery.MYC_ValidValues.ValidationCheck_Series"/>
</testsuite> <!-- MYC -->
