<html>
<head>
<title>TestNG:  MYC</title>
<link href="../testng.css" rel="stylesheet" type="text/css" />
<link href="../my-testng.css" rel="stylesheet" type="text/css" />

<style type="text/css">
.log { display: none;} 
.stack-trace { display: none;} 
</style>
<script type="text/javascript">
<!--
function flip(e) {
  current = e.style.display;
  if (current == 'block') {
    e.style.display = 'none';
    return 0;
  }
  else {
    e.style.display = 'block';
    return 1;
  }
}

function toggleBox(szDivId, elem, msg1, msg2)
{
  var res = -1;  if (document.getElementById) {
    res = flip(document.getElementById(szDivId));
  }
  else if (document.all) {
    // this is the way old msie versions work
    res = flip(document.all[szDivId]);
  }
  if(elem) {
    if(res == 0) elem.innerHTML = msg1; else elem.innerHTML = msg2;
  }

}

function toggleAllBoxes() {
  if (document.getElementsByTagName) {
    d = document.getElementsByTagName('div');
    for (i = 0; i < d.length; i++) {
      if (d[i].className == 'log') {
        flip(d[i]);
      }
    }
  }
}

// -->
</script>

</head>
<body>
<h2 align='center'>MYC</h2><table border='1' align="center">
<tr>
<td>Tests passed/Failed/Skipped:</td><td>15/3/0</td>
</tr><tr>
<td>Started on:</td><td>Wed Oct 11 15:07:34 BST 2017</td>
</tr>
<tr><td>Total time:</td><td>684 seconds (684021 ms)</td>
</tr><tr>
<td>Included groups:</td><td></td>
</tr><tr>
<td>Excluded groups:</td><td></td>
</tr>
</table><p/>
<small><i>(Hover the method name to see the test class name)</i></small><p/>
<table width='100%' border='1' class='invocation-failed'>
<tr><td colspan='4' align='center'><b>FAILED TESTS</b></td></tr>
<tr><td><b>Test method</b></td>
<td width="30%"><b>Exception</b></td>
<td width="10%"><b>Time (seconds)</b></td>
<td><b>Instance</b></td>
</tr>
<tr>
<td title='discovery.MYC_InvalidValues.ValidationCheck_FondsWithNoReference.validationcheck()'><b>validationcheck</b><br>Test class: discovery.MYC_InvalidValues.ValidationCheck_FondsWithNoReference</td>
<td><div><pre>java.lang.AssertionError: expected [true] but found [false]
	at discovery.MYC_InvalidValues.ValidationCheck_FondsWithNoReference.validationcheck(ValidationCheck_FondsWithNoReference.java:42)
... Removed 28 stack frames</pre></div><a href='#' onClick='toggleBox("stack-trace1764996806", this, "Click to show all stack frames", "Click to hide stack frames")'>Click to show all stack frames</a>
<div class='stack-trace' id='stack-trace1764996806'><pre>java.lang.AssertionError: expected [true] but found [false]
	at org.testng.Assert.fail(Assert.java:93)
	at org.testng.Assert.failNotEquals(Assert.java:512)
	at org.testng.Assert.assertTrue(Assert.java:41)
	at org.testng.Assert.assertTrue(Assert.java:51)
	at discovery.MYC_InvalidValues.ValidationCheck_FondsWithNoReference.validationcheck(ValidationCheck_FondsWithNoReference.java:42)
	at sun.reflect.NativeMethodAccessorImpl.invoke0(Native Method)
	at sun.reflect.NativeMethodAccessorImpl.invoke(Unknown Source)
	at sun.reflect.DelegatingMethodAccessorImpl.invoke(Unknown Source)
	at java.lang.reflect.Method.invoke(Unknown Source)
	at org.testng.internal.MethodInvocationHelper.invokeMethod(MethodInvocationHelper.java:108)
	at org.testng.internal.Invoker.invokeMethod(Invoker.java:661)
	at org.testng.internal.Invoker.invokeTestMethod(Invoker.java:869)
	at org.testng.internal.Invoker.invokeTestMethods(Invoker.java:1193)
	at org.testng.internal.TestMethodWorker.invokeTestMethods(TestMethodWorker.java:126)
	at org.testng.internal.TestMethodWorker.run(TestMethodWorker.java:109)
	at org.testng.TestRunner.privateRun(TestRunner.java:744)
	at org.testng.TestRunner.run(TestRunner.java:602)
	at org.testng.SuiteRunner.runTest(SuiteRunner.java:380)
	at org.testng.SuiteRunner.runSequentially(SuiteRunner.java:375)
	at org.testng.SuiteRunner.privateRun(SuiteRunner.java:340)
	at org.testng.SuiteRunner.run(SuiteRunner.java:289)
	at org.testng.SuiteRunnerWorker.runSuite(SuiteRunnerWorker.java:52)
	at org.testng.SuiteRunnerWorker.run(SuiteRunnerWorker.java:86)
	at org.testng.TestNG.runSuitesSequentially(TestNG.java:1301)
	at org.testng.TestNG.runSuitesLocally(TestNG.java:1226)
	at org.testng.TestNG.runSuites(TestNG.java:1144)
	at org.testng.TestNG.run(TestNG.java:1115)
	at org.testng.TestNG.privateMain(TestNG.java:1442)
	at org.testng.TestNG.main(TestNG.java:1411)
</pre></div></td>
<td>32</td>
<td>discovery.MYC_InvalidValues.ValidationCheck_FondsWithNoReference@38082d64</td></tr>
<tr>
<td title='discovery.MYC_InvalidValues.ValidationCheck_FondsWithNoStartAndEndDate.validationcheck()'><b>validationcheck</b><br>Test class: discovery.MYC_InvalidValues.ValidationCheck_FondsWithNoStartAndEndDate</td>
<td><div><pre>java.lang.AssertionError: expected [true] but found [false]
	at discovery.MYC_InvalidValues.ValidationCheck_FondsWithNoStartAndEndDate.validationcheck(ValidationCheck_FondsWithNoStartAndEndDate.java:42)
... Removed 28 stack frames</pre></div><a href='#' onClick='toggleBox("stack-trace1179792105", this, "Click to show all stack frames", "Click to hide stack frames")'>Click to show all stack frames</a>
<div class='stack-trace' id='stack-trace1179792105'><pre>java.lang.AssertionError: expected [true] but found [false]
	at org.testng.Assert.fail(Assert.java:93)
	at org.testng.Assert.failNotEquals(Assert.java:512)
	at org.testng.Assert.assertTrue(Assert.java:41)
	at org.testng.Assert.assertTrue(Assert.java:51)
	at discovery.MYC_InvalidValues.ValidationCheck_FondsWithNoStartAndEndDate.validationcheck(ValidationCheck_FondsWithNoStartAndEndDate.java:42)
	at sun.reflect.NativeMethodAccessorImpl.invoke0(Native Method)
	at sun.reflect.NativeMethodAccessorImpl.invoke(Unknown Source)
	at sun.reflect.DelegatingMethodAccessorImpl.invoke(Unknown Source)
	at java.lang.reflect.Method.invoke(Unknown Source)
	at org.testng.internal.MethodInvocationHelper.invokeMethod(MethodInvocationHelper.java:108)
	at org.testng.internal.Invoker.invokeMethod(Invoker.java:661)
	at org.testng.internal.Invoker.invokeTestMethod(Invoker.java:869)
	at org.testng.internal.Invoker.invokeTestMethods(Invoker.java:1193)
	at org.testng.internal.TestMethodWorker.invokeTestMethods(TestMethodWorker.java:126)
	at org.testng.internal.TestMethodWorker.run(TestMethodWorker.java:109)
	at org.testng.TestRunner.privateRun(TestRunner.java:744)
	at org.testng.TestRunner.run(TestRunner.java:602)
	at org.testng.SuiteRunner.runTest(SuiteRunner.java:380)
	at org.testng.SuiteRunner.runSequentially(SuiteRunner.java:375)
	at org.testng.SuiteRunner.privateRun(SuiteRunner.java:340)
	at org.testng.SuiteRunner.run(SuiteRunner.java:289)
	at org.testng.SuiteRunnerWorker.runSuite(SuiteRunnerWorker.java:52)
	at org.testng.SuiteRunnerWorker.run(SuiteRunnerWorker.java:86)
	at org.testng.TestNG.runSuitesSequentially(TestNG.java:1301)
	at org.testng.TestNG.runSuitesLocally(TestNG.java:1226)
	at org.testng.TestNG.runSuites(TestNG.java:1144)
	at org.testng.TestNG.run(TestNG.java:1115)
	at org.testng.TestNG.privateMain(TestNG.java:1442)
	at org.testng.TestNG.main(TestNG.java:1411)
</pre></div></td>
<td>41</td>
<td>discovery.MYC_InvalidValues.ValidationCheck_FondsWithNoStartAndEndDate@dfd3711</td></tr>
<tr>
<td title='discovery.MYC_ValidValues.ValidationCheck_FondsAndSubFonds.validationcheck()'><b>validationcheck</b><br>Test class: discovery.MYC_ValidValues.ValidationCheck_FondsAndSubFonds</td>
<td><div><pre>org.openqa.selenium.NoSuchElementException: no such element: Unable to locate element: {&quot;method&quot;:&quot;link text&quot;,&quot;selector&quot;:&quot;Preview and approve &gt;&quot;}
  (Session info: chrome=61.0.3163.100)
  (Driver info: chromedriver=2.29.461591 (62ebf098771772160f391d75e589dc567915b233),platform=Windows NT 6.1.7601 SP1 x86_64) (WARNING: The server did not provide any stacktrace information)
Command duration or timeout: 30.10 seconds
For documentation on this error, please visit: http://seleniumhq.org/exceptions/no_such_element.html
Build info: version: &apos;unknown&apos;, revision: &apos;unknown&apos;, time: &apos;unknown&apos;
System info: host: &apos;PR020921&apos;, ip: &apos;10.120.2.124&apos;, os.name: &apos;Windows 7&apos;, os.arch: &apos;amd64&apos;, os.version: &apos;6.1&apos;, java.version: &apos;1.8.0_131&apos;
Driver info: org.openqa.selenium.chrome.ChromeDriver
Capabilities [{applicationCacheEnabled=false, rotatable=false, mobileEmulationEnabled=false, networkConnectionEnabled=false, chrome={chromedriverVersion=2.29.461591 (62ebf098771772160f391d75e589dc567915b233), userDataDir=C:\Users\SVENKA~1\AppData\Local\Temp\scoped_dir20320_19035}, takesHeapSnapshot=true, pageLoadStrategy=normal, databaseEnabled=false, handlesAlerts=true, hasTouchScreen=false, version=61.0.3163.100, platform=XP, browserConnectionEnabled=false, nativeEvents=true, acceptSslCerts=true, locationContextEnabled=true, webStorageEnabled=true, browserName=chrome, takesScreenshot=true, javascriptEnabled=true, cssSelectorsEnabled=true, unexpectedAlertBehaviour=}]
Session ID: a4ff6aa82e4a35e393bc8cc7e22b2142
*** Element info: {Using=link text, value=Preview and approve &gt;}
	at org.openqa.selenium.remote.ErrorHandler.createThrowable(ErrorHandler.java:215)
	at org.openqa.selenium.remote.ErrorHandler.throwIfResponseFailed(ErrorHandler.java:167)
	at org.openqa.selenium.remote.RemoteWebDriver.execute(RemoteWebDriver.java:671)
	at org.openqa.selenium.remote.RemoteWebDriver.findElement(RemoteWebDriver.java:410)
	at org.openqa.selenium.remote.RemoteWebDriver.findElementByLinkText(RemoteWebDriver.java:461)
	at wrapper.Wrapper_methods.clickbyLinkText(Wrapper_methods.java:183)
	at discovery.MYC_ValidValues.ValidationCheck_FondsAndSubFonds.validationcheck(ValidationCheck_FondsAndSubFonds.java:37)
... Removed 28 stack frames</pre></div><a href='#' onClick='toggleBox("stack-trace1703696921", this, "Click to show all stack frames", "Click to hide stack frames")'>Click to show all stack frames</a>
<div class='stack-trace' id='stack-trace1703696921'><pre>org.openqa.selenium.NoSuchElementException: no such element: Unable to locate element: {&quot;method&quot;:&quot;link text&quot;,&quot;selector&quot;:&quot;Preview and approve &gt;&quot;}
  (Session info: chrome=61.0.3163.100)
  (Driver info: chromedriver=2.29.461591 (62ebf098771772160f391d75e589dc567915b233),platform=Windows NT 6.1.7601 SP1 x86_64) (WARNING: The server did not provide any stacktrace information)
Command duration or timeout: 30.10 seconds
For documentation on this error, please visit: http://seleniumhq.org/exceptions/no_such_element.html
Build info: version: &apos;unknown&apos;, revision: &apos;unknown&apos;, time: &apos;unknown&apos;
System info: host: &apos;PR020921&apos;, ip: &apos;10.120.2.124&apos;, os.name: &apos;Windows 7&apos;, os.arch: &apos;amd64&apos;, os.version: &apos;6.1&apos;, java.version: &apos;1.8.0_131&apos;
Driver info: org.openqa.selenium.chrome.ChromeDriver
Capabilities [{applicationCacheEnabled=false, rotatable=false, mobileEmulationEnabled=false, networkConnectionEnabled=false, chrome={chromedriverVersion=2.29.461591 (62ebf098771772160f391d75e589dc567915b233), userDataDir=C:\Users\SVENKA~1\AppData\Local\Temp\scoped_dir20320_19035}, takesHeapSnapshot=true, pageLoadStrategy=normal, databaseEnabled=false, handlesAlerts=true, hasTouchScreen=false, version=61.0.3163.100, platform=XP, browserConnectionEnabled=false, nativeEvents=true, acceptSslCerts=true, locationContextEnabled=true, webStorageEnabled=true, browserName=chrome, takesScreenshot=true, javascriptEnabled=true, cssSelectorsEnabled=true, unexpectedAlertBehaviour=}]
Session ID: a4ff6aa82e4a35e393bc8cc7e22b2142
*** Element info: {Using=link text, value=Preview and approve &gt;}
	at sun.reflect.NativeConstructorAccessorImpl.newInstance0(Native Method)
	at sun.reflect.NativeConstructorAccessorImpl.newInstance(Unknown Source)
	at sun.reflect.DelegatingConstructorAccessorImpl.newInstance(Unknown Source)
	at java.lang.reflect.Constructor.newInstance(Unknown Source)
	at org.openqa.selenium.remote.ErrorHandler.createThrowable(ErrorHandler.java:215)
	at org.openqa.selenium.remote.ErrorHandler.throwIfResponseFailed(ErrorHandler.java:167)
	at org.openqa.selenium.remote.RemoteWebDriver.execute(RemoteWebDriver.java:671)
	at org.openqa.selenium.remote.RemoteWebDriver.findElement(RemoteWebDriver.java:410)
	at org.openqa.selenium.remote.RemoteWebDriver.findElementByLinkText(RemoteWebDriver.java:461)
	at wrapper.Wrapper_methods.clickbyLinkText(Wrapper_methods.java:183)
	at discovery.MYC_ValidValues.ValidationCheck_FondsAndSubFonds.validationcheck(ValidationCheck_FondsAndSubFonds.java:37)
	at sun.reflect.NativeMethodAccessorImpl.invoke0(Native Method)
	at sun.reflect.NativeMethodAccessorImpl.invoke(Unknown Source)
	at sun.reflect.DelegatingMethodAccessorImpl.invoke(Unknown Source)
	at java.lang.reflect.Method.invoke(Unknown Source)
	at org.testng.internal.MethodInvocationHelper.invokeMethod(MethodInvocationHelper.java:108)
	at org.testng.internal.Invoker.invokeMethod(Invoker.java:661)
	at org.testng.internal.Invoker.invokeTestMethod(Invoker.java:869)
	at org.testng.internal.Invoker.invokeTestMethods(Invoker.java:1193)
	at org.testng.internal.TestMethodWorker.invokeTestMethods(TestMethodWorker.java:126)
	at org.testng.internal.TestMethodWorker.run(TestMethodWorker.java:109)
	at org.testng.TestRunner.privateRun(TestRunner.java:744)
	at org.testng.TestRunner.run(TestRunner.java:602)
	at org.testng.SuiteRunner.runTest(SuiteRunner.java:380)
	at org.testng.SuiteRunner.runSequentially(SuiteRunner.java:375)
	at org.testng.SuiteRunner.privateRun(SuiteRunner.java:340)
	at org.testng.SuiteRunner.run(SuiteRunner.java:289)
	at org.testng.SuiteRunnerWorker.runSuite(SuiteRunnerWorker.java:52)
	at org.testng.SuiteRunnerWorker.run(SuiteRunnerWorker.java:86)
	at org.testng.TestNG.runSuitesSequentially(TestNG.java:1301)
	at org.testng.TestNG.runSuitesLocally(TestNG.java:1226)
	at org.testng.TestNG.runSuites(TestNG.java:1144)
	at org.testng.TestNG.run(TestNG.java:1115)
	at org.testng.TestNG.privateMain(TestNG.java:1442)
	at org.testng.TestNG.main(TestNG.java:1411)
</pre></div></td>
<td>66</td>
<td>discovery.MYC_ValidValues.ValidationCheck_FondsAndSubFonds@180bc464</td></tr>
</table><p>
<table width='100%' border='1' class='invocation-passed'>
<tr><td colspan='4' align='center'><b>PASSED TESTS</b></td></tr>
<tr><td><b>Test method</b></td>
<td width="30%"><b>Exception</b></td>
<td width="10%"><b>Time (seconds)</b></td>
<td><b>Instance</b></td>
</tr>
<tr>
<td title='discovery.MYC_InvalidValues.ValidationCheck_ChangeColumName.validationcheck()'><b>validationcheck</b><br>Test class: discovery.MYC_InvalidValues.ValidationCheck_ChangeColumName</td>
<td></td>
<td>53</td>
<td>discovery.MYC_InvalidValues.ValidationCheck_ChangeColumName@3fb6a447</td></tr>
<tr>
<td title='discovery.MYC_InvalidValues.ValidationCheck_EmptyTemplate.validationcheck()'><b>validationcheck</b><br>Test class: discovery.MYC_InvalidValues.ValidationCheck_EmptyTemplate</td>
<td></td>
<td>38</td>
<td>discovery.MYC_InvalidValues.ValidationCheck_EmptyTemplate@79698539</td></tr>
<tr>
<td title='discovery.MYC_InvalidValues.ValidationCheck_FondsWithNoLegalStatus.validationcheck()'><b>validationcheck</b><br>Test class: discovery.MYC_InvalidValues.ValidationCheck_FondsWithNoLegalStatus</td>
<td></td>
<td>30</td>
<td>discovery.MYC_InvalidValues.ValidationCheck_FondsWithNoLegalStatus@73f792cf</td></tr>
<tr>
<td title='discovery.MYC_InvalidValues.ValidationCheck_FondsWithNoNameOfCreators.validationcheck()'><b>validationcheck</b><br>Test class: discovery.MYC_InvalidValues.ValidationCheck_FondsWithNoNameOfCreators</td>
<td></td>
<td>34</td>
<td>discovery.MYC_InvalidValues.ValidationCheck_FondsWithNoNameOfCreators@2ed94a8b</td></tr>
<tr>
<td title='discovery.MYC_InvalidValues.ValidationCheck_Item.validationcheck()'><b>validationcheck</b><br>Test class: discovery.MYC_InvalidValues.ValidationCheck_Item</td>
<td></td>
<td>35</td>
<td>discovery.MYC_InvalidValues.ValidationCheck_Item@42d3bd8b</td></tr>
<tr>
<td title='discovery.MYC_InvalidValues.ValidationCheck_ModifyLevelName.validationcheck()'><b>validationcheck</b><br>Test class: discovery.MYC_InvalidValues.ValidationCheck_ModifyLevelName</td>
<td></td>
<td>33</td>
<td>discovery.MYC_InvalidValues.ValidationCheck_ModifyLevelName@26ba2a48</td></tr>
<tr>
<td title='discovery.MYC_InvalidValues.ValidationCheck_Sub_Fonds.validationcheck()'><b>validationcheck</b><br>Test class: discovery.MYC_InvalidValues.ValidationCheck_Sub_Fonds</td>
<td></td>
<td>36</td>
<td>discovery.MYC_InvalidValues.ValidationCheck_Sub_Fonds@5f2050f6</td></tr>
<tr>
<td title='discovery.MYC_InvalidValues.ValidationCheck_Sub_Item.validationcheck()'><b>validationcheck</b><br>Test class: discovery.MYC_InvalidValues.ValidationCheck_Sub_Item</td>
<td></td>
<td>31</td>
<td>discovery.MYC_InvalidValues.ValidationCheck_Sub_Item@3b81a1bc</td></tr>
<tr>
<td title='discovery.MYC_InvalidValues.ValidationCheck_Sub_Series.validationcheck()'><b>validationcheck</b><br>Test class: discovery.MYC_InvalidValues.ValidationCheck_Sub_Series</td>
<td></td>
<td>36</td>
<td>discovery.MYC_InvalidValues.ValidationCheck_Sub_Series@64616ca2</td></tr>
<tr>
<td title='discovery.MYC_InvalidValues.ValidationCheck_Sub_Sub_Fonds.validationcheck()'><b>validationcheck</b><br>Test class: discovery.MYC_InvalidValues.ValidationCheck_Sub_Sub_Fonds</td>
<td></td>
<td>43</td>
<td>discovery.MYC_InvalidValues.ValidationCheck_Sub_Sub_Fonds@13fee20c</td></tr>
<tr>
<td title='discovery.MYC_InvalidValues.ValidationCheck_Sub_Sub_Series.validationcheck()'><b>validationcheck</b><br>Test class: discovery.MYC_InvalidValues.ValidationCheck_Sub_Sub_Series</td>
<td></td>
<td>31</td>
<td>discovery.MYC_InvalidValues.ValidationCheck_Sub_Sub_Series@4e04a765</td></tr>
<tr>
<td title='discovery.MYC_InvalidValues.ValidationCheck_Sub_Sub_Sub_Fonds.validationcheck()'><b>validationcheck</b><br>Test class: discovery.MYC_InvalidValues.ValidationCheck_Sub_Sub_Sub_Fonds</td>
<td></td>
<td>32</td>
<td>discovery.MYC_InvalidValues.ValidationCheck_Sub_Sub_Sub_Fonds@783e6358</td></tr>
<tr>
<td title='discovery.MYC_InvalidValues.ValidationCheck_Sub_Sub_Sub_Series.validationcheck()'><b>validationcheck</b><br>Test class: discovery.MYC_InvalidValues.ValidationCheck_Sub_Sub_Sub_Series</td>
<td></td>
<td>38</td>
<td>discovery.MYC_InvalidValues.ValidationCheck_Sub_Sub_Sub_Series@17550481</td></tr>
<tr>
<td title='discovery.MYC_ValidValues.ValidationCheck_Fonds.validationcheck()'><b>validationcheck</b><br>Test class: discovery.MYC_ValidValues.ValidationCheck_Fonds</td>
<td></td>
<td>31</td>
<td>discovery.MYC_ValidValues.ValidationCheck_Fonds@735f7ae5</td></tr>
<tr>
<td title='discovery.MYC_ValidValues.ValidationCheck_Series.validationcheck()'><b>validationcheck</b><br>Test class: discovery.MYC_ValidValues.ValidationCheck_Series</td>
<td></td>
<td>35</td>
<td>discovery.MYC_ValidValues.ValidationCheck_Series@1324409e</td></tr>
</table><p>
</body>
</html>